<?xml version="1.0" encoding="UTF-8"?>
<testsuite xmlns:xsi="http://www.w3.org/2001/XMLSchema-instance" xsi:noNamespaceSchemaLocation="https://maven.apache.org/surefire/maven-surefire-plugin/xsd/surefire-test-report.xsd" name="Test.LoginTest" time="192.71" tests="3" errors="0" skipped="2" failures="1">
  <properties>
[...]
</properties>
  <testcase name="setUp" classname="Test.LoginTest" time="192.213">
    <failure message="Could not start a new session. Possible causes are invalid address of the remote server or browser start-up failure.&#10;Build info: version: &apos;4.4.0&apos;, revision: &apos;e5c75ed026a&apos;&#10;System info: host: &apos;DESKTOP-8718NVT&apos;, ip: &apos;192.168.1.74&apos;, os.name: &apos;Windows 10&apos;, os.arch: &apos;amd64&apos;, os.version: &apos;10.0&apos;, java.version: &apos;17.0.4.1&apos;&#10;Driver info: org.openqa.selenium.firefox.FirefoxDriver&#10;Command: [null, newSession {capabilities=[Capabilities {acceptInsecureCerts: true, browserName: firefox, moz:debuggerAddress: true, moz:firefoxOptions: {}}], desiredCapabilities=Capabilities {acceptInsecureCerts: true, browserName: firefox, moz:debuggerAddress: true, moz:firefoxOptions: {}}}]" type="org.openqa.selenium.SessionNotCreatedException">org.openqa.selenium.SessionNotCreatedException: 
Could not start a new session. Possible causes are invalid address of the remote server or browser start-up failure.
Build info: version: '4.4.0', revision: 'e5c75ed026a'
System info: host: 'DESKTOP-8718NVT', ip: '192.168.1.74', os.name: 'Windows 10', os.arch: 'amd64', os.version: '10.0', java.version: '17.0.4.1'
Driver info: org.openqa.selenium.firefox.FirefoxDriver
Command: [null, newSession {capabilities=[Capabilities {acceptInsecureCerts: true, browserName: firefox, moz:debuggerAddress: true, moz:firefoxOptions: {}}], desiredCapabilities=Capabilities {acceptInsecureCerts: true, browserName: firefox, moz:debuggerAddress: true, moz:firefoxOptions: {}}}]
	at Test.LoginTest.setUp(LoginTest.java:22)
Caused by: java.lang.RuntimeException: NettyHttpHandler request execution error
	at Test.LoginTest.setUp(LoginTest.java:22)
Caused by: java.util.concurrent.ExecutionException: java.util.concurrent.TimeoutException: Request timeout to localhost/127.0.0.1:52386 after 180000 ms
	at Test.LoginTest.setUp(LoginTest.java:22)
Caused by: java.util.concurrent.TimeoutException: Request timeout to localhost/127.0.0.1:52386 after 180000 ms
</failure>
    <system-out><![CDATA[08-26-2022 18:37:23 InternalLoggerFactory.java DEBUG [main] logging.InternalLoggerFactory 89 - Using Log4J as the default logging framework
08-26-2022 18:37:23 ResourceLeakDetector.java DEBUG [main] util.ResourceLeakDetector 129 - -Dio.netty.leakDetection.level: simple
08-26-2022 18:37:23 ResourceLeakDetector.java DEBUG [main] util.ResourceLeakDetector 130 - -Dio.netty.leakDetection.targetRecords: 4
08-26-2022 18:37:23 ResourceLeakDetectorFactory.java DEBUG [main] util.ResourceLeakDetectorFactory 196 - Loaded default ResourceLeakDetector: io.netty.util.ResourceLeakDetector@6be968ce
08-26-2022 18:37:23 PlatformDependent0.java DEBUG [main] internal.PlatformDependent0 495 - -Dio.netty.noUnsafe: false
08-26-2022 18:37:23 PlatformDependent0.java DEBUG [main] internal.PlatformDependent0 998 - Java version: 17
08-26-2022 18:37:23 PlatformDependent0.java DEBUG [main] internal.PlatformDependent0 136 - sun.misc.Unsafe.theUnsafe: available
08-26-2022 18:37:23 PlatformDependent0.java DEBUG [main] internal.PlatformDependent0 160 - sun.misc.Unsafe.copyMemory: available
08-26-2022 18:37:23 PlatformDependent0.java DEBUG [main] internal.PlatformDependent0 192 - sun.misc.Unsafe.storeFence: available
08-26-2022 18:37:23 PlatformDependent0.java DEBUG [main] internal.PlatformDependent0 235 - java.nio.Buffer.address: available
08-26-2022 18:37:23 PlatformDependent0.java DEBUG [main] internal.PlatformDependent0 319 - direct buffer constructor: unavailable: Reflective setAccessible(true) disabled
08-26-2022 18:37:23 PlatformDependent0.java DEBUG [main] internal.PlatformDependent0 384 - java.nio.Bits.unaligned: available, true
08-26-2022 18:37:23 PlatformDependent0.java DEBUG [main] internal.PlatformDependent0 451 - jdk.internal.misc.Unsafe.allocateUninitializedArray(int): unavailable: class io.netty.util.internal.PlatformDependent0$7 cannot access class jdk.internal.misc.Unsafe (in module java.base) because module java.base does not export jdk.internal.misc to unnamed module @4148db48
08-26-2022 18:37:23 PlatformDependent0.java DEBUG [main] internal.PlatformDependent0 481 - java.nio.DirectByteBuffer.<init>(long, int): unavailable
08-26-2022 18:37:23 PlatformDependent.java DEBUG [main] internal.PlatformDependent 1120 - sun.misc.Unsafe: available
08-26-2022 18:37:23 PlatformDependent.java DEBUG [main] internal.PlatformDependent 1231 - maxDirectMemory: 2120220672 bytes (maybe)
08-26-2022 18:37:23 PlatformDependent.java DEBUG [main] internal.PlatformDependent 1250 - -Dio.netty.tmpdir: C:\Users\Akshay\AppData\Local\Temp (java.io.tmpdir)
08-26-2022 18:37:23 PlatformDependent.java DEBUG [main] internal.PlatformDependent 1329 - -Dio.netty.bitMode: 64 (sun.arch.data.model)
08-26-2022 18:37:23 PlatformDependent.java DEBUG [main] internal.PlatformDependent 1080 - Platform: Windows
08-26-2022 18:37:23 PlatformDependent.java DEBUG [main] internal.PlatformDependent 178 - -Dio.netty.maxDirectMemory: -1 bytes
08-26-2022 18:37:23 PlatformDependent.java DEBUG [main] internal.PlatformDependent 185 - -Dio.netty.uninitializedArrayAllocationThreshold: -1
08-26-2022 18:37:23 CleanerJava9.java DEBUG [main] internal.CleanerJava9 71 - java.nio.ByteBuffer.cleaner(): available
08-26-2022 18:37:23 PlatformDependent.java DEBUG [main] internal.PlatformDependent 205 - -Dio.netty.noPreferDirect: false
08-26-2022 18:37:23 PlatformDependent.java DEBUG [main] internal.PlatformDependent 971 - org.jctools-core.MpscChunkedArrayQueue: available
08-26-2022 18:37:23 InternalThreadLocalMap.java DEBUG [main] internal.InternalThreadLocalMap 86 - -Dio.netty.threadLocalMap.stringBuilder.initialSize: 1024
08-26-2022 18:37:23 InternalThreadLocalMap.java DEBUG [main] internal.InternalThreadLocalMap 89 - -Dio.netty.threadLocalMap.stringBuilder.maxSize: 4096
08-26-2022 18:37:24 JdkSslContext.java DEBUG [main] ssl.JdkSslContext 83 - Default protocols (JDK): [TLSv1.3, TLSv1.2] 
08-26-2022 18:37:24 JdkSslContext.java DEBUG [main] ssl.JdkSslContext 84 - Default cipher suites (JDK): [TLS_ECDHE_ECDSA_WITH_AES_256_GCM_SHA384, TLS_ECDHE_ECDSA_WITH_AES_128_GCM_SHA256, TLS_ECDHE_RSA_WITH_AES_128_GCM_SHA256, TLS_ECDHE_RSA_WITH_AES_256_GCM_SHA384, TLS_ECDHE_RSA_WITH_AES_128_CBC_SHA, TLS_ECDHE_RSA_WITH_AES_256_CBC_SHA, TLS_RSA_WITH_AES_128_GCM_SHA256, TLS_RSA_WITH_AES_128_CBC_SHA, TLS_RSA_WITH_AES_256_CBC_SHA, TLS_AES_128_GCM_SHA256, TLS_AES_256_GCM_SHA384]
08-26-2022 18:37:24 MultithreadEventLoopGroup.java DEBUG [main] channel.MultithreadEventLoopGroup 44 - -Dio.netty.eventLoopThreads: 8
08-26-2022 18:37:24 NioEventLoop.java DEBUG [main] nio.NioEventLoop 109 - -Dio.netty.noKeySetOptimization: false
08-26-2022 18:37:24 NioEventLoop.java DEBUG [main] nio.NioEventLoop 110 - -Dio.netty.selectorAutoRebuildThreshold: 512
08-26-2022 18:37:24 PooledByteBufAllocator.java DEBUG [main] buffer.PooledByteBufAllocator 157 - -Dio.netty.allocator.numHeapArenas: 8
08-26-2022 18:37:24 PooledByteBufAllocator.java DEBUG [main] buffer.PooledByteBufAllocator 158 - -Dio.netty.allocator.numDirectArenas: 8
08-26-2022 18:37:24 PooledByteBufAllocator.java DEBUG [main] buffer.PooledByteBufAllocator 160 - -Dio.netty.allocator.pageSize: 8192
08-26-2022 18:37:24 PooledByteBufAllocator.java DEBUG [main] buffer.PooledByteBufAllocator 165 - -Dio.netty.allocator.maxOrder: 9
08-26-2022 18:37:24 PooledByteBufAllocator.java DEBUG [main] buffer.PooledByteBufAllocator 169 - -Dio.netty.allocator.chunkSize: 4194304
08-26-2022 18:37:24 PooledByteBufAllocator.java DEBUG [main] buffer.PooledByteBufAllocator 170 - -Dio.netty.allocator.smallCacheSize: 256
08-26-2022 18:37:24 PooledByteBufAllocator.java DEBUG [main] buffer.PooledByteBufAllocator 171 - -Dio.netty.allocator.normalCacheSize: 64
08-26-2022 18:37:24 PooledByteBufAllocator.java DEBUG [main] buffer.PooledByteBufAllocator 172 - -Dio.netty.allocator.maxCachedBufferCapacity: 32768
08-26-2022 18:37:24 PooledByteBufAllocator.java DEBUG [main] buffer.PooledByteBufAllocator 173 - -Dio.netty.allocator.cacheTrimInterval: 8192
08-26-2022 18:37:24 PooledByteBufAllocator.java DEBUG [main] buffer.PooledByteBufAllocator 174 - -Dio.netty.allocator.cacheTrimIntervalMillis: 0
08-26-2022 18:37:24 PooledByteBufAllocator.java DEBUG [main] buffer.PooledByteBufAllocator 175 - -Dio.netty.allocator.useCacheForAllThreads: false
08-26-2022 18:37:24 PooledByteBufAllocator.java DEBUG [main] buffer.PooledByteBufAllocator 176 - -Dio.netty.allocator.maxCachedByteBuffersPerChunk: 1023
08-26-2022 18:37:24 ByteBufUtil.java DEBUG [main] buffer.ByteBufUtil 87 - -Dio.netty.allocator.type: pooled
08-26-2022 18:37:24 ByteBufUtil.java DEBUG [main] buffer.ByteBufUtil 96 - -Dio.netty.threadLocalDirectBufferSize: 0
08-26-2022 18:37:24 ByteBufUtil.java DEBUG [main] buffer.ByteBufUtil 99 - -Dio.netty.maxThreadLocalCharBufferSize: 16384
08-26-2022 18:37:25 DefaultChannelId.java DEBUG [Forwarding newSession on session null to remote] channel.DefaultChannelId 79 - -Dio.netty.processId: 3676 (auto-detected)
08-26-2022 18:37:25 NetUtil.java DEBUG [Forwarding newSession on session null to remote] util.NetUtil 136 - -Djava.net.preferIPv4Stack: false
08-26-2022 18:37:25 NetUtil.java DEBUG [Forwarding newSession on session null to remote] util.NetUtil 137 - -Djava.net.preferIPv6Addresses: false
08-26-2022 18:37:25 NetUtilInitializations.java DEBUG [Forwarding newSession on session null to remote] util.NetUtilInitializations 129 - Loopback interface: lo (Software Loopback Interface 1, 127.0.0.1)
08-26-2022 18:37:25 NetUtil.java DEBUG [Forwarding newSession on session null to remote] util.NetUtil 191 - Failed to get SOMAXCONN from sysctl and file \proc\sys\net\core\somaxconn. Default: 200
08-26-2022 18:37:25 DefaultChannelId.java DEBUG [Forwarding newSession on session null to remote] channel.DefaultChannelId 101 - -Dio.netty.machineId: e4:02:9b:ff:fe:ed:38:cf (auto-detected)
08-26-2022 18:37:25 AbstractByteBuf.java DEBUG [AsyncHttpClient-1-2] buffer.AbstractByteBuf 63 - -Dio.netty.buffer.checkAccessible: true
08-26-2022 18:37:25 AbstractByteBuf.java DEBUG [AsyncHttpClient-1-2] buffer.AbstractByteBuf 64 - -Dio.netty.buffer.checkBounds: true
08-26-2022 18:37:25 ResourceLeakDetectorFactory.java DEBUG [AsyncHttpClient-1-2] util.ResourceLeakDetectorFactory 196 - Loaded default ResourceLeakDetector: io.netty.util.ResourceLeakDetector@2c283e58
08-26-2022 18:37:25 Recycler.java DEBUG [AsyncHttpClient-1-2] util.Recycler 85 - -Dio.netty.recycler.maxCapacityPerThread: 4096
08-26-2022 18:37:25 Recycler.java DEBUG [AsyncHttpClient-1-2] util.Recycler 86 - -Dio.netty.recycler.ratio: 8
08-26-2022 18:37:25 Recycler.java DEBUG [AsyncHttpClient-1-2] util.Recycler 87 - -Dio.netty.recycler.chunkSize: 32
08-26-2022 18:37:25 Recycler.java DEBUG [AsyncHttpClient-1-2] util.Recycler 88 - -Dio.netty.recycler.blocking: false
]]></system-out>
    <system-err><![CDATA[SLF4J: Failed to load class "org.slf4j.impl.StaticLoggerBinder".
SLF4J: Defaulting to no-operation (NOP) logger implementation
SLF4J: See http://www.slf4j.org/codes.html#StaticLoggerBinder for further details.
1661553445062	geckodriver	INFO	Listening on 127.0.0.1:52386
1661553445742	mozrunner::runner	INFO	Running command: "C:\\Program Files\\Mozilla Firefox\\firefox.exe" "--marionette" "--remote-debugging-port" "58390" "--remote-allow-hosts" "localhost" "--remote-allow-origins" "http://localhost:58390/" "-no-remote" "-profile" "C:\\Users\\Akshay\\AppData\\Local\\Temp\\rust_mozprofilehoeH0I"
1661553447162	Marionette	INFO	Marionette enabled
1661553447172	Marionette	INFO	Listening on port 57660
WebDriver BiDi listening on ws://localhost:58390
Read port: 57660
1661553447399	RemoteAgent	WARN	TLS certificate errors will be ignored for this session
JavaScript error: chrome://remote/content/marionette/driver.js, line 2270: NS_ERROR_ILLEGAL_VALUE: Component returned failure code: 0x80070057 (NS_ERROR_ILLEGAL_VALUE) [nsIObserverService.removeObserver]
Aug. 26, 2022 6:40:34 P.M. org.openqa.selenium.os.OsProcess destroy
INFO: Unable to drain process streams. Ignoring but the exception being swallowed follows.
org.apache.commons.exec.ExecuteException: The stop timeout of 2000 ms was exceeded (Exit value: -559038737)
	at org.apache.commons.exec.PumpStreamHandler.stopThread(PumpStreamHandler.java:295)
	at org.apache.commons.exec.PumpStreamHandler.stop(PumpStreamHandler.java:181)
	at org.openqa.selenium.os.OsProcess.destroy(OsProcess.java:135)
	at org.openqa.selenium.os.CommandLine.destroy(CommandLine.java:139)
	at org.openqa.selenium.remote.service.DriverService.stop(DriverService.java:281)
	at org.openqa.selenium.remote.service.DriverCommandExecutor.execute(DriverCommandExecutor.java:154)
	at org.openqa.selenium.remote.RemoteWebDriver.execute(RemoteWebDriver.java:547)
	at org.openqa.selenium.remote.RemoteWebDriver.startSession(RemoteWebDriver.java:242)
	at org.openqa.selenium.remote.RemoteWebDriver.<init>(RemoteWebDriver.java:157)
	at org.openqa.selenium.firefox.FirefoxDriver.<init>(FirefoxDriver.java:110)
	at org.openqa.selenium.firefox.FirefoxDriver.<init>(FirefoxDriver.java:98)
	at org.openqa.selenium.firefox.FirefoxDriver.<init>(FirefoxDriver.java:94)
	at Test.LoginTest.setUp(LoginTest.java:22)
	at java.base/jdk.internal.reflect.NativeMethodAccessorImpl.invoke0(Native Method)
	at java.base/jdk.internal.reflect.NativeMethodAccessorImpl.invoke(NativeMethodAccessorImpl.java:77)
	at java.base/jdk.internal.reflect.DelegatingMethodAccessorImpl.invoke(DelegatingMethodAccessorImpl.java:43)
	at java.base/java.lang.reflect.Method.invoke(Method.java:568)
	at org.testng.internal.invokers.MethodInvocationHelper.invokeMethod(MethodInvocationHelper.java:139)
	at org.testng.internal.invokers.MethodInvocationHelper.invokeMethodConsideringTimeout(MethodInvocationHelper.java:69)
	at org.testng.internal.invokers.ConfigInvoker.invokeConfigurationMethod(ConfigInvoker.java:361)
	at org.testng.internal.invokers.ConfigInvoker.invokeConfigurations(ConfigInvoker.java:296)
	at org.testng.internal.invokers.TestInvoker.runConfigMethods(TestInvoker.java:816)
	at org.testng.internal.invokers.TestInvoker.invokeMethod(TestInvoker.java:590)
	at org.testng.internal.invokers.TestInvoker.invokeTestMethod(TestInvoker.java:221)
	at org.testng.internal.invokers.MethodRunner.runInSequence(MethodRunner.java:50)
	at org.testng.internal.invokers.TestInvoker$MethodInvocationAgent.invoke(TestInvoker.java:962)
	at org.testng.internal.invokers.TestInvoker.invokeTestMethods(TestInvoker.java:194)
	at org.testng.internal.invokers.TestMethodWorker.invokeTestMethods(TestMethodWorker.java:148)
	at org.testng.internal.invokers.TestMethodWorker.run(TestMethodWorker.java:128)
	at java.base/java.util.ArrayList.forEach(ArrayList.java:1511)
	at org.testng.TestRunner.privateRun(TestRunner.java:806)
	at org.testng.TestRunner.run(TestRunner.java:601)
	at org.testng.SuiteRunner.runTest(SuiteRunner.java:433)
	at org.testng.SuiteRunner.runSequentially(SuiteRunner.java:427)
	at org.testng.SuiteRunner.privateRun(SuiteRunner.java:387)
	at org.testng.SuiteRunner.run(SuiteRunner.java:330)
	at org.testng.SuiteRunnerWorker.runSuite(SuiteRunnerWorker.java:52)
	at org.testng.SuiteRunnerWorker.run(SuiteRunnerWorker.java:95)
	at org.testng.TestNG.runSuitesSequentially(TestNG.java:1256)
	at org.testng.TestNG.runSuitesLocally(TestNG.java:1176)
	at org.testng.TestNG.runSuites(TestNG.java:1099)
	at org.testng.TestNG.run(TestNG.java:1067)
	at org.apache.maven.surefire.testng.TestNGExecutor.run(TestNGExecutor.java:135)
	at org.apache.maven.surefire.testng.TestNGDirectoryTestSuite.executeSingleClass(TestNGDirectoryTestSuite.java:112)
	at org.apache.maven.surefire.testng.TestNGDirectoryTestSuite.execute(TestNGDirectoryTestSuite.java:99)
	at org.apache.maven.surefire.testng.TestNGProvider.invoke(TestNGProvider.java:146)
	at org.apache.maven.surefire.booter.ForkedBooter.invokeProviderInSameClassLoader(ForkedBooter.java:384)
	at org.apache.maven.surefire.booter.ForkedBooter.runSuitesInProcess(ForkedBooter.java:345)
	at org.apache.maven.surefire.booter.ForkedBooter.execute(ForkedBooter.java:126)
	at org.apache.maven.surefire.booter.ForkedBooter.main(ForkedBooter.java:418)

Aug. 26, 2022 6:40:34 P.M. org.openqa.selenium.os.OsProcess destroy
SEVERE: Unable to kill process Process[pid=9336, exitValue=1]
]]></system-err>
  </testcase>
  <testcase name="GmailTitle" classname="Test.LoginTest" time="0">
    <skipped message="Could not start a new session. Possible causes are invalid address of the remote server or browser start-up failure.&#10;Build info: version: &apos;4.4.0&apos;, revision: &apos;e5c75ed026a&apos;&#10;System info: host: &apos;DESKTOP-8718NVT&apos;, ip: &apos;192.168.1.74&apos;, os.name: &apos;Windows 10&apos;, os.arch: &apos;amd64&apos;, os.version: &apos;10.0&apos;, java.version: &apos;17.0.4.1&apos;&#10;Driver info: org.openqa.selenium.firefox.FirefoxDriver&#10;Command: [null, newSession {capabilities=[Capabilities {acceptInsecureCerts: true, browserName: firefox, moz:debuggerAddress: true, moz:firefoxOptions: {}}], desiredCapabilities=Capabilities {acceptInsecureCerts: true, browserName: firefox, moz:debuggerAddress: true, moz:firefoxOptions: {}}}]"/>
  </testcase>
  <testcase name="tearDown" classname="Test.LoginTest" time="0">
    <skipped/>
  </testcase>
</testsuite>