-------------------------------------------------------------------------------
Test set: Test.LoginTest
-------------------------------------------------------------------------------
Tests run: 3, Failures: 1, Errors: 0, Skipped: 2, Time elapsed: 192.71 s <<< FAILURE! - in Test.LoginTest
setUp(Test.LoginTest)  Time elapsed: 192.213 s  <<< FAILURE!
org.openqa.selenium.SessionNotCreatedException: 
Could not start a new session. Possible causes are invalid address of the remote server or browser start-up failure.
Build info: version: '4.4.0', revision: 'e5c75ed026a'
System info: host: 'DESKTOP-8718NVT', ip: '192.168.1.74', os.name: 'Windows 10', os.arch: 'amd64', os.version: '10.0', java.version: '17.0.4.1'
Driver info: org.openqa.selenium.firefox.FirefoxDriver
Command: [null, newSession {capabilities=[Capabilities {acceptInsecureCerts: true, browserName: firefox, moz:debuggerAddress: true, moz:firefoxOptions: {}}], desiredCapabilities=Capabilities {acceptInsecureCerts: true, browserName: firefox, moz:debuggerAddress: true, moz:firefoxOptions: {}}}]
	at Test.LoginTest.setUp(LoginTest.java:22)
Caused by: java.lang.RuntimeException: NettyHttpHandler request execution error
	at Test.LoginTest.setUp(LoginTest.java:22)
Caused by: java.util.concurrent.ExecutionException: java.util.concurrent.TimeoutException: Request timeout to localhost/127.0.0.1:52386 after 180000 ms
	at Test.LoginTest.setUp(LoginTest.java:22)
Caused by: java.util.concurrent.TimeoutException: Request timeout to localhost/127.0.0.1:52386 after 180000 ms

