<?xml version="1.0" encoding="UTF-8"?>
<testng-results ignored="0" total="1" passed="1" failed="0" skipped="0">
  <reporter-output>
  </reporter-output>
  <suite started-at="2022-08-25T19:54:13 EDT" name="Default suite" finished-at="2022-08-25T19:54:24 EDT" duration-ms="11011">
    <groups>
    </groups>
    <test started-at="2022-08-25T19:54:13 EDT" name="Default test" finished-at="2022-08-25T19:54:24 EDT" duration-ms="11011">
      <class name="Test.LoginTest">
        <test-method is-config="true" signature="setUp()[pri:0, instance:Test.LoginTest@1e66f1f5]" started-at="2022-08-25T19:54:13 EDT" name="setUp" finished-at="2022-08-25T19:54:23 EDT" duration-ms="9835" status="PASS">
          <reporter-output>
          </reporter-output>
        </test-method> <!-- setUp -->
        <test-method signature="GmailTitle()[pri:0, instance:Test.LoginTest@1e66f1f5]" started-at="2022-08-25T19:54:23 EDT" name="GmailTitle" finished-at="2022-08-25T19:54:23 EDT" duration-ms="36" status="PASS">
          <reporter-output>
          </reporter-output>
        </test-method> <!-- GmailTitle -->
        <test-method is-config="true" signature="tearDown()[pri:0, instance:Test.LoginTest@1e66f1f5]" started-at="2022-08-25T19:54:23 EDT" name="tearDown" finished-at="2022-08-25T19:54:24 EDT" duration-ms="1080" status="PASS">
          <reporter-output>
          </reporter-output>
        </test-method> <!-- tearDown -->
      </class> <!-- Test.LoginTest -->
    </test> <!-- Default test -->
  </suite> <!-- Default suite -->
</testng-results>
